<?xml version="1.0" encoding="UTF-8"?>
<!-- Generated by org.testng.reporters.JUnitXMLReporter -->
<testsuite hostname="Riyad" ignored="0" name="AmazonApp2" tests="1" failures="0" timestamp="2021-09-24T00:24:04 EDT" time="1.336" errors="0">
  <testcase name="@BeforeClass setup" time="1.313" classname="com.inetBanking.testCases.BaseClass">
    <failure type="org.openqa.selenium.SessionNotCreatedException" message="session not created: This version of ChromeDriver only supports Chrome version 92
Current browser version is 94.0.4606.54 with binary path C:\Program Files\Google\Chrome\Application\chrome.exe
Build info: version: &amp;apos;3.141.59&amp;apos;, revision: &amp;apos;e82be7d358&amp;apos;, time: &amp;apos;2018-11-14T08:17:03&amp;apos;
System info: host: &amp;apos;RIYAD&amp;apos;, ip: &amp;apos;10.0.0.123&amp;apos;, os.name: &amp;apos;Windows 10&amp;apos;, os.arch: &amp;apos;amd64&amp;apos;, os.version: &amp;apos;10.0&amp;apos;, java.version: &amp;apos;1.8.0_301&amp;apos;
Driver info: driver.version: ChromeDriver
remote stacktrace: Backtrace:
	Ordinal0 [0x00CA2A33+2501171]
	Ordinal0 [0x00C3D1C1+2085313]
	Ordinal0 [0x00B41FA8+1056680]
	Ordinal0 [0x00B6020A+1180170]
	Ordinal0 [0x00B5C125+1163557]
	Ordinal0 [0x00B5997F+1153407]
	Ordinal0 [0x00B8999F+1350047]
	Ordinal0 [0x00B8960A+1349130]
	Ordinal0 [0x00B8551B+1332507]
	Ordinal0 [0x00B61D74+1187188]
	Ordinal0 [0x00B62BD9+1190873]
	GetHandleVerifier [0x00E1EFE6+1504438]
	GetHandleVerifier [0x00ECDDA5+2220661]
	GetHandleVerifier [0x00D25589+481881]
	GetHandleVerifier [0x00D24639+477961]
	Ordinal0 [0x00C428BD+2107581]
	Ordinal0 [0x00C46728+2123560]
	Ordinal0 [0x00C46862+2123874]
	Ordinal0 [0x00C4FA81+2161281]
	BaseThreadInitThunk [0x7682FA29+25]
	RtlGetAppContainerNamedObjectPath [0x77B87A9E+286]
	RtlGetAppContainerNamedObjectPath [0x77B87A6E+238]
">
      <![CDATA[org.openqa.selenium.SessionNotCreatedException: session not created: This version of ChromeDriver only supports Chrome version 92
Current browser version is 94.0.4606.54 with binary path C:\Program Files\Google\Chrome\Application\chrome.exe
Build info: version: '3.141.59', revision: 'e82be7d358', time: '2018-11-14T08:17:03'
System info: host: 'RIYAD', ip: '10.0.0.123', os.name: 'Windows 10', os.arch: 'amd64', os.version: '10.0', java.version: '1.8.0_301'
Driver info: driver.version: ChromeDriver
remote stacktrace: Backtrace:
Ordinal0 [0x00CA2A33+2501171]
Ordinal0 [0x00C3D1C1+2085313]
Ordinal0 [0x00B41FA8+1056680]
Ordinal0 [0x00B6020A+1180170]
Ordinal0 [0x00B5C125+1163557]
Ordinal0 [0x00B5997F+1153407]
Ordinal0 [0x00B8999F+1350047]
Ordinal0 [0x00B8960A+1349130]
Ordinal0 [0x00B8551B+1332507]
Ordinal0 [0x00B61D74+1187188]
Ordinal0 [0x00B62BD9+1190873]
GetHandleVerifier [0x00E1EFE6+1504438]
GetHandleVerifier [0x00ECDDA5+2220661]
GetHandleVerifier [0x00D25589+481881]
GetHandleVerifier [0x00D24639+477961]
Ordinal0 [0x00C428BD+2107581]
Ordinal0 [0x00C46728+2123560]
Ordinal0 [0x00C46862+2123874]
Ordinal0 [0x00C4FA81+2161281]
BaseThreadInitThunk [0x7682FA29+25]
RtlGetAppContainerNamedObjectPath [0x77B87A9E+286]
RtlGetAppContainerNamedObjectPath [0x77B87A6E+238]

at org.openqa.selenium.remote.W3CHandshakeResponse.lambda$errorHandler$0(W3CHandshakeResponse.java:62)
at org.openqa.selenium.remote.HandshakeResponse.lambda$getResponseFunction$0(HandshakeResponse.java:30)
at org.openqa.selenium.remote.ProtocolHandshake.lambda$createSession$0(ProtocolHandshake.java:126)
at java.util.stream.ReferencePipeline$3$1.accept(ReferencePipeline.java:193)
at java.util.Spliterators$ArraySpliterator.tryAdvance(Spliterators.java:958)
at java.util.stream.ReferencePipeline.forEachWithCancel(ReferencePipeline.java:126)
at java.util.stream.AbstractPipeline.copyIntoWithCancel(AbstractPipeline.java:499)
at java.util.stream.AbstractPipeline.copyInto(AbstractPipeline.java:486)
at java.util.stream.AbstractPipeline.wrapAndCopyInto(AbstractPipeline.java:472)
at java.util.stream.FindOps$FindOp.evaluateSequential(FindOps.java:152)
at java.util.stream.AbstractPipeline.evaluate(AbstractPipeline.java:234)
at java.util.stream.ReferencePipeline.findFirst(ReferencePipeline.java:464)
at org.openqa.selenium.remote.ProtocolHandshake.createSession(ProtocolHandshake.java:128)
at org.openqa.selenium.remote.ProtocolHandshake.createSession(ProtocolHandshake.java:74)
at org.openqa.selenium.remote.HttpCommandExecutor.execute(HttpCommandExecutor.java:136)
at org.openqa.selenium.remote.service.DriverCommandExecutor.execute(DriverCommandExecutor.java:83)
at org.openqa.selenium.remote.RemoteWebDriver.execute(RemoteWebDriver.java:552)
at org.openqa.selenium.remote.RemoteWebDriver.startSession(RemoteWebDriver.java:213)
at org.openqa.selenium.remote.RemoteWebDriver.<init>(RemoteWebDriver.java:131)
at org.openqa.selenium.chrome.ChromeDriver.<init>(ChromeDriver.java:181)
at org.openqa.selenium.chrome.ChromeDriver.<init>(ChromeDriver.java:168)
at org.openqa.selenium.chrome.ChromeDriver.<init>(ChromeDriver.java:123)
at com.inetBanking.testCases.BaseClass.setup(BaseClass.java:46)
at java.util.ArrayList.forEach(ArrayList.java:1259)
... Removed 33 stack frames]]>
    </failure>
  </testcase> <!-- @BeforeClass setup -->
  <testcase name="loginTestWithValidData" time="0.0" classname="com.inetBanking.testCases.TC_LoginTest_001">
    <skipped/>
  </testcase> <!-- loginTestWithValidData -->
</testsuite> <!-- AmazonApp2 -->
